<?xml version="1.0" encoding="UTF-8"?>
<testng-results skipped="0" failed="1" ignored="0" total="1" passed="0">
  <reporter-output>
  </reporter-output>
  <suite name="Surefire suite" duration-ms="63907" started-at="2022-04-15T09:25:01Z" finished-at="2022-04-15T09:26:04Z">
    <groups>
      <group name="cucumber">
        <method signature="AbstractTestNGCucumberTests.runScenario(io.cucumber.testng.PickleWrapper, io.cucumber.testng.FeatureWrapper)[pri:0, instance:runners.TestRunner@39aeed2f]" name="runScenario" class="io.cucumber.testng.AbstractTestNGCucumberTests"/>
      </group> <!-- cucumber -->
    </groups>
    <test name="Surefire test" duration-ms="63907" started-at="2022-04-15T09:25:01Z" finished-at="2022-04-15T09:26:04Z">
      <class name="runners.TestRunner">
        <test-method status="PASS" signature="setUpClass()[pri:0, instance:runners.TestRunner@39aeed2f]" name="setUpClass" is-config="true" duration-ms="517" started-at="2022-04-15T09:25:01Z" finished-at="2022-04-15T09:25:01Z">
          <reporter-output>
          </reporter-output>
        </test-method> <!-- setUpClass -->
        <test-method status="FAIL" signature="runScenario(io.cucumber.testng.PickleWrapper, io.cucumber.testng.FeatureWrapper)[pri:0, instance:runners.TestRunner@39aeed2f]" name="runScenario" duration-ms="47484" started-at="2022-04-15T09:25:01Z" description="Runs Cucumber Scenarios" data-provider="scenarios" finished-at="2022-04-15T09:25:49Z">
          <params>
            <param index="0">
              <value>
                <![CDATA["This scenario will test login feature of the application"]]>
              </value>
            </param>
            <param index="1">
              <value>
                <![CDATA["Optional[This feature is used to test functionlaities availble on landing page]"]]>
              </value>
            </param>
          </params>
          <exception class="org.openqa.selenium.TimeoutException">
            <message>
              <![CDATA[Expected condition failed: waiting for text ('Welcome [[ChromeDriver: chrome on WINDOWS (f2433695feedea7e10ed31f4607d2635)] -> id: nameofuser]') to be present in element [[ChromeDriver: chrome on WINDOWS (f2433695feedea7e10ed31f4607d2635)] -> id: nameofuser] (tried for 15 second(s) with 500 milliseconds interval)
Build info: version: '3.141.59', revision: 'e82be7d358', time: '2018-11-14T08:17:03'
System info: host: 'LHTU05CG14642DH', ip: '10.190.35.34', os.name: 'Windows 10', os.arch: 'amd64', os.version: '10.0', java.version: '1.8.0_221'
Driver info: org.openqa.selenium.chrome.ChromeDriver
Capabilities {acceptInsecureCerts: false, browserName: chrome, browserVersion: 100.0.4896.88, chrome: {chromedriverVersion: 100.0.4896.60 (6a5d10861ce8..., userDataDir: C:\Users\atiwar12\AppData\L...}, goog:chromeOptions: {debuggerAddress: localhost:53977}, javascriptEnabled: true, networkConnectionEnabled: false, pageLoadStrategy: normal, platform: WINDOWS, platformName: WINDOWS, proxy: Proxy(), setWindowRect: true, strictFileInteractability: false, timeouts: {implicit: 0, pageLoad: 300000, script: 30000}, unhandledPromptBehavior: dismiss and notify, webauthn:extension:credBlob: true, webauthn:extension:largeBlob: true, webauthn:virtualAuthenticators: true}
Session ID: f2433695feedea7e10ed31f4607d2635]]>
            </message>
            <full-stacktrace>
              <![CDATA[org.openqa.selenium.TimeoutException: Expected condition failed: waiting for text ('Welcome [[ChromeDriver: chrome on WINDOWS (f2433695feedea7e10ed31f4607d2635)] -> id: nameofuser]') to be present in element [[ChromeDriver: chrome on WINDOWS (f2433695feedea7e10ed31f4607d2635)] -> id: nameofuser] (tried for 15 second(s) with 500 milliseconds interval)
Build info: version: '3.141.59', revision: 'e82be7d358', time: '2018-11-14T08:17:03'
System info: host: 'LHTU05CG14642DH', ip: '10.190.35.34', os.name: 'Windows 10', os.arch: 'amd64', os.version: '10.0', java.version: '1.8.0_221'
Driver info: org.openqa.selenium.chrome.ChromeDriver
Capabilities {acceptInsecureCerts: false, browserName: chrome, browserVersion: 100.0.4896.88, chrome: {chromedriverVersion: 100.0.4896.60 (6a5d10861ce8..., userDataDir: C:\Users\atiwar12\AppData\L...}, goog:chromeOptions: {debuggerAddress: localhost:53977}, javascriptEnabled: true, networkConnectionEnabled: false, pageLoadStrategy: normal, platform: WINDOWS, platformName: WINDOWS, proxy: Proxy(), setWindowRect: true, strictFileInteractability: false, timeouts: {implicit: 0, pageLoad: 300000, script: 30000}, unhandledPromptBehavior: dismiss and notify, webauthn:extension:credBlob: true, webauthn:extension:largeBlob: true, webauthn:virtualAuthenticators: true}
Session ID: f2433695feedea7e10ed31f4607d2635
at org.openqa.selenium.support.ui.WebDriverWait.timeoutException(WebDriverWait.java:95)
at org.openqa.selenium.support.ui.FluentWait.until(FluentWait.java:272)
at pageObjects.LandingPage.doLogin(LandingPage.java:118)
at stepDefinitions.LoginSteps.user_perform_login_process_with_valid_user_name_and_password(LoginSteps.java:71)
at ✽.User perform login process with valid userName and password(file:///C:/Users/atiwar12/Documents/CucumberFrameworkTemplate/cucumber_ParallelExecution/src/test/resources/Functional/Login.feature:33)
]]>
            </full-stacktrace>
          </exception> <!-- org.openqa.selenium.TimeoutException -->
          <reporter-output>
          </reporter-output>
        </test-method> <!-- runScenario -->
        <test-method status="PASS" signature="tearDownClass()[pri:0, instance:runners.TestRunner@39aeed2f]" name="tearDownClass" is-config="true" duration-ms="15865" started-at="2022-04-15T09:25:49Z" finished-at="2022-04-15T09:26:04Z">
          <reporter-output>
          </reporter-output>
        </test-method> <!-- tearDownClass -->
      </class> <!-- runners.TestRunner -->
    </test> <!-- Surefire test -->
  </suite> <!-- Surefire suite -->
</testng-results>
