<?xml version="1.0" encoding="UTF-8"?>
<testsuite xmlns:xsi="http://www.w3.org/2001/XMLSchema-instance" xsi:noNamespaceSchemaLocation="https://maven.apache.org/surefire/maven-surefire-plugin/xsd/surefire-test-report-3.0.xsd" version="3.0" name="TestSuite" time="43.836" tests="2" errors="0" skipped="0" failures="1">
  <properties>
[...]
</properties>
  <testcase name="runScenario[&quot;This scenario will test signup feature of the application&quot;, &quot;Optional[This feature is used to test functionlaities availble on landing page]&quot;](1)" classname="runners.TestRunner" time="32.906">
    <system-out><![CDATA[propertyFilePath: C:\Users\atiwar12\Documents\CucumberFrameworkTemplate\cucumber_ParallelExecution\configs\Configuration.properties
property loaded
propertyFilePath: C:\Users\atiwar12\Documents\CucumberFrameworkTemplate\cucumber_ParallelExecution\configs\Configuration.properties
property loaded
propertyFilePath: C:\Users\atiwar12\Documents\CucumberFrameworkTemplate\cucumber_ParallelExecution\configs\Configuration.properties
property loaded
propertyFilePath: C:\Users\atiwar12\Documents\CucumberFrameworkTemplate\cucumber_ParallelExecution\configs\Configuration.properties
property loaded
propertyFilePath: C:\Users\atiwar12\Documents\CucumberFrameworkTemplate\cucumber_ParallelExecution\configs\Configuration.properties
property loaded
propertyFilePath: C:\Users\atiwar12\Documents\CucumberFrameworkTemplate\cucumber_ParallelExecution\configs\Configuration.properties
property loaded
propertyFilePath: C:\Users\atiwar12\Documents\CucumberFrameworkTemplate\cucumber_ParallelExecution\configs\Configuration.properties
property loaded
propertyFilePath: C:\Users\atiwar12\Documents\CucumberFrameworkTemplate\cucumber_ParallelExecution\configs\Configuration.properties
property loaded
propertyFilePath: C:\Users\atiwar12\Documents\CucumberFrameworkTemplate\cucumber_ParallelExecution\configs\Configuration.properties
property loaded
url: https://www.demoblaze.com/
propertyFilePath: C:\Users\atiwar12\Documents\CucumberFrameworkTemplate\cucumber_ParallelExecution\configs\Configuration.properties
property loaded
propertyFilePath: C:\Users\atiwar12\Documents\CucumberFrameworkTemplate\cucumber_ParallelExecution\configs\Configuration.properties
property loaded
propertyFilePath: C:\Users\atiwar12\Documents\CucumberFrameworkTemplate\cucumber_ParallelExecution\configs\Configuration.properties
property loaded
url: https://www.demoblaze.com/
propertyFilePath: C:\Users\atiwar12\Documents\CucumberFrameworkTemplate\cucumber_ParallelExecution\configs\Configuration.properties
property loaded
loginID: alphamale23
alphamale23
propertyFilePath: C:\Users\atiwar12\Documents\CucumberFrameworkTemplate\cucumber_ParallelExecution\configs\Configuration.properties
property loaded
loginPassword: alphamale23 
alphamale23 
propertyFilePath: C:\Users\atiwar12\Documents\CucumberFrameworkTemplate\cucumber_ParallelExecution\configs\Configuration.properties
property loaded
loginID: alphamale23
propertyFilePath: C:\Users\atiwar12\Documents\CucumberFrameworkTemplate\cucumber_ParallelExecution\configs\Configuration.properties
property loaded
loginPassword: alphamale23 
propertyFilePath: C:\Users\atiwar12\Documents\CucumberFrameworkTemplate\cucumber_ParallelExecution\configs\Configuration.properties
property loaded
signupIDalphfemale23
propertyFilePath: C:\Users\atiwar12\Documents\CucumberFrameworkTemplate\cucumber_ParallelExecution\configs\Configuration.properties
property loaded
signupPassword: alphfemale23
propertyFilePath: C:\Users\atiwar12\Documents\CucumberFrameworkTemplate\cucumber_ParallelExecution\configs\Configuration.properties
property loaded
loginID: alphamale23
SignUp AlertMessage: Sign up successful.
]]></system-out>
    <system-err><![CDATA[Starting ChromeDriver 99.0.4844.51 (d537ec02474b5afe23684e7963d538896c63ac77-refs/branch-heads/4844@{#875}) on port 38265
Only local connections are allowed.
Please see https://chromedriver.chromium.org/security-considerations for suggestions on keeping ChromeDriver safe.
ChromeDriver was started successfully.
Starting ChromeDriver 99.0.4844.51 (d537ec02474b5afe23684e7963d538896c63ac77-refs/branch-heads/4844@{#875}) on port 33850
Only local connections are allowed.
Please see https://chromedriver.chromium.org/security-considerations for suggestions on keeping ChromeDriver safe.
ChromeDriver was started successfully.
[1649401613.486][WARNING]: This version of ChromeDriver has not been tested with Chrome version 100.
[1649401613.778][WARNING]: This version of ChromeDriver has not been tested with Chrome version 100.
Apr 08, 2022 12:36:58 PM org.openqa.selenium.remote.ProtocolHandshake createSession
INFO: Detected dialect: W3C
Apr 08, 2022 12:36:59 PM org.openqa.selenium.remote.ProtocolHandshake createSession
INFO: Detected dialect: W3C
]]></system-err>
  </testcase>
  <testcase name="runScenario[&quot;This scenario will test login feature of the application&quot;, &quot;Optional[This feature is used to test functionlaities availble on landing page]&quot;](2)" classname="runners.TestRunner" time="35.774">
    <failure message="unexpected alert open: {Alert text : Wrong password.}&#10;  (Session info: chrome=100.0.4896.75): Wrong password.&#10;Build info: version: &apos;3.141.59&apos;, revision: &apos;e82be7d358&apos;, time: &apos;2018-11-14T08:17:03&apos;&#10;System info: host: &apos;LHTU05CG14642DH&apos;, ip: &apos;10.190.48.20&apos;, os.name: &apos;Windows 10&apos;, os.arch: &apos;amd64&apos;, os.version: &apos;10.0&apos;, java.version: &apos;1.8.0_221&apos;&#10;Driver info: org.openqa.selenium.chrome.ChromeDriver&#10;Capabilities {acceptInsecureCerts: false, browserName: chrome, browserVersion: 100.0.4896.75, chrome: {chromedriverVersion: 99.0.4844.51 (d537ec02474b5..., userDataDir: C:\Users\atiwar12\AppData\L...}, goog:chromeOptions: {debuggerAddress: localhost:60758}, javascriptEnabled: true, networkConnectionEnabled: false, pageLoadStrategy: normal, platform: WINDOWS, platformName: WINDOWS, proxy: Proxy(), setWindowRect: true, strictFileInteractability: false, timeouts: {implicit: 0, pageLoad: 300000, script: 30000}, unhandledPromptBehavior: dismiss and notify, webauthn:extension:credBlob: true, webauthn:extension:largeBlob: true, webauthn:virtualAuthenticators: true}&#10;Session ID: 0d97517e437cfd5701f94de4fb783a24&#10;*** Element info: {Using=id, value=nameofuser}" type="org.openqa.selenium.UnhandledAlertException"><![CDATA[org.openqa.selenium.UnhandledAlertException: 
unexpected alert open: {Alert text : Wrong password.}
  (Session info: chrome=100.0.4896.75): Wrong password.
Build info: version: '3.141.59', revision: 'e82be7d358', time: '2018-11-14T08:17:03'
System info: host: 'LHTU05CG14642DH', ip: '10.190.48.20', os.name: 'Windows 10', os.arch: 'amd64', os.version: '10.0', java.version: '1.8.0_221'
Driver info: org.openqa.selenium.chrome.ChromeDriver
Capabilities {acceptInsecureCerts: false, browserName: chrome, browserVersion: 100.0.4896.75, chrome: {chromedriverVersion: 99.0.4844.51 (d537ec02474b5..., userDataDir: C:\Users\atiwar12\AppData\L...}, goog:chromeOptions: {debuggerAddress: localhost:60758}, javascriptEnabled: true, networkConnectionEnabled: false, pageLoadStrategy: normal, platform: WINDOWS, platformName: WINDOWS, proxy: Proxy(), setWindowRect: true, strictFileInteractability: false, timeouts: {implicit: 0, pageLoad: 300000, script: 30000}, unhandledPromptBehavior: dismiss and notify, webauthn:extension:credBlob: true, webauthn:extension:largeBlob: true, webauthn:virtualAuthenticators: true}
Session ID: 0d97517e437cfd5701f94de4fb783a24
*** Element info: {Using=id, value=nameofuser}
]]></failure>
  </testcase>
</testsuite>